{"/home/zhaba/WebstormProjects/dropdown/src/select.js": {"path":"/home/zhaba/WebstormProjects/dropdown/src/select.js","statementMap":{"0":{"start":{"line":19,"column":8},"end":{"line":19,"column":62}},"1":{"start":{"line":19,"column":23},"end":{"line":19,"column":62}},"2":{"start":{"line":20,"column":8},"end":{"line":20,"column":56}},"3":{"start":{"line":20,"column":20},"end":{"line":20,"column":56}},"4":{"start":{"line":21,"column":8},"end":{"line":21,"column":52}},"5":{"start":{"line":21,"column":18},"end":{"line":21,"column":52}},"6":{"start":{"line":23,"column":8},"end":{"line":23,"column":28}},"7":{"start":{"line":25,"column":8},"end":{"line":25,"column":27}},"8":{"start":{"line":26,"column":8},"end":{"line":26,"column":32}},"9":{"start":{"line":27,"column":8},"end":{"line":27,"column":33}},"10":{"start":{"line":29,"column":8},"end":{"line":29,"column":43}},"11":{"start":{"line":33,"column":14},"end":{"line":90,"column":5}},"12":{"start":{"line":34,"column":8},"end":{"line":36,"column":9}},"13":{"start":{"line":35,"column":12},"end":{"line":35,"column":69}},"14":{"start":{"line":37,"column":8},"end":{"line":39,"column":9}},"15":{"start":{"line":38,"column":12},"end":{"line":38,"column":80}},"16":{"start":{"line":40,"column":8},"end":{"line":43,"column":9}},"17":{"start":{"line":41,"column":12},"end":{"line":41,"column":68}},"18":{"start":{"line":42,"column":12},"end":{"line":42,"column":19}},"19":{"start":{"line":47,"column":8},"end":{"line":47,"column":64}},"20":{"start":{"line":48,"column":8},"end":{"line":48,"column":56}},"21":{"start":{"line":51,"column":8},"end":{"line":51,"column":63}},"22":{"start":{"line":52,"column":8},"end":{"line":52,"column":55}},"23":{"start":{"line":53,"column":8},"end":{"line":53,"column":70}},"24":{"start":{"line":53,"column":52},"end":{"line":53,"column":69}},"25":{"start":{"line":56,"column":8},"end":{"line":56,"column":65}},"26":{"start":{"line":57,"column":8},"end":{"line":57,"column":59}},"27":{"start":{"line":59,"column":8},"end":{"line":59,"column":33}},"28":{"start":{"line":62,"column":8},"end":{"line":62,"column":63}},"29":{"start":{"line":63,"column":8},"end":{"line":63,"column":65}},"30":{"start":{"line":65,"column":8},"end":{"line":65,"column":65}},"31":{"start":{"line":66,"column":8},"end":{"line":66,"column":70}},"32":{"start":{"line":69,"column":8},"end":{"line":69,"column":66}},"33":{"start":{"line":70,"column":8},"end":{"line":70,"column":79}},"34":{"start":{"line":73,"column":8},"end":{"line":73,"column":69}},"35":{"start":{"line":76,"column":8},"end":{"line":76,"column":69}},"36":{"start":{"line":77,"column":8},"end":{"line":77,"column":67}},"37":{"start":{"line":80,"column":8},"end":{"line":80,"column":68}},"38":{"start":{"line":81,"column":8},"end":{"line":81,"column":71}},"39":{"start":{"line":84,"column":8},"end":{"line":84,"column":57}},"40":{"start":{"line":87,"column":8},"end":{"line":87,"column":27}},"41":{"start":{"line":88,"column":8},"end":{"line":88,"column":61}},"42":{"start":{"line":88,"column":40},"end":{"line":88,"column":59}},"43":{"start":{"line":91,"column":14},"end":{"line":104,"column":5}},"44":{"start":{"line":92,"column":8},"end":{"line":101,"column":9}},"45":{"start":{"line":93,"column":12},"end":{"line":93,"column":65}},"46":{"start":{"line":94,"column":12},"end":{"line":94,"column":71}},"47":{"start":{"line":95,"column":12},"end":{"line":95,"column":54}},"48":{"start":{"line":96,"column":12},"end":{"line":96,"column":67}},"49":{"start":{"line":97,"column":12},"end":{"line":97,"column":73}},"50":{"start":{"line":98,"column":12},"end":{"line":98,"column":72}},"51":{"start":{"line":100,"column":12},"end":{"line":100,"column":19}},"52":{"start":{"line":103,"column":8},"end":{"line":103,"column":68}},"53":{"start":{"line":105,"column":21},"end":{"line":121,"column":5}},"54":{"start":{"line":106,"column":26},"end":{"line":106,"column":51}},"55":{"start":{"line":107,"column":8},"end":{"line":113,"column":9}},"56":{"start":{"line":108,"column":32},"end":{"line":108,"column":57}},"57":{"start":{"line":109,"column":12},"end":{"line":111,"column":13}},"58":{"start":{"line":110,"column":16},"end":{"line":110,"column":72}},"59":{"start":{"line":112,"column":12},"end":{"line":112,"column":19}},"60":{"start":{"line":114,"column":8},"end":{"line":120,"column":10}},"61":{"start":{"line":115,"column":27},"end":{"line":115,"column":56}},"62":{"start":{"line":116,"column":12},"end":{"line":116,"column":40}},"63":{"start":{"line":117,"column":12},"end":{"line":117,"column":37}},"64":{"start":{"line":118,"column":12},"end":{"line":118,"column":59}},"65":{"start":{"line":118,"column":35},"end":{"line":118,"column":58}},"66":{"start":{"line":119,"column":12},"end":{"line":119,"column":42}},"67":{"start":{"line":122,"column":19},"end":{"line":124,"column":5}},"68":{"start":{"line":123,"column":8},"end":{"line":123,"column":51}},"69":{"start":{"line":125,"column":15},"end":{"line":135,"column":5}},"70":{"start":{"line":126,"column":8},"end":{"line":129,"column":9}},"71":{"start":{"line":127,"column":12},"end":{"line":127,"column":37}},"72":{"start":{"line":128,"column":12},"end":{"line":128,"column":19}},"73":{"start":{"line":131,"column":8},"end":{"line":131,"column":35}},"74":{"start":{"line":132,"column":8},"end":{"line":132,"column":30}},"75":{"start":{"line":134,"column":8},"end":{"line":134,"column":28}},"76":{"start":{"line":136,"column":15},"end":{"line":160,"column":5}},"77":{"start":{"line":137,"column":8},"end":{"line":140,"column":9}},"78":{"start":{"line":138,"column":12},"end":{"line":138,"column":46}},"79":{"start":{"line":139,"column":12},"end":{"line":139,"column":19}},"80":{"start":{"line":141,"column":21},"end":{"line":152,"column":10}},"81":{"start":{"line":149,"column":12},"end":{"line":149,"column":31}},"82":{"start":{"line":151,"column":12},"end":{"line":151,"column":31}},"83":{"start":{"line":154,"column":8},"end":{"line":157,"column":9}},"84":{"start":{"line":155,"column":12},"end":{"line":155,"column":52}},"85":{"start":{"line":156,"column":12},"end":{"line":156,"column":19}},"86":{"start":{"line":159,"column":8},"end":{"line":159,"column":20}},"87":{"start":{"line":161,"column":12},"end":{"line":166,"column":5}},"88":{"start":{"line":162,"column":8},"end":{"line":162,"column":37}},"89":{"start":{"line":162,"column":30},"end":{"line":162,"column":37}},"90":{"start":{"line":164,"column":8},"end":{"line":165,"column":26}},"91":{"start":{"line":164,"column":26},"end":{"line":164,"column":38}},"92":{"start":{"line":165,"column":13},"end":{"line":165,"column":26}},"93":{"start":{"line":167,"column":11},"end":{"line":176,"column":5}},"94":{"start":{"line":168,"column":8},"end":{"line":168,"column":32}},"95":{"start":{"line":168,"column":25},"end":{"line":168,"column":32}},"96":{"start":{"line":171,"column":8},"end":{"line":171,"column":68}},"97":{"start":{"line":172,"column":8},"end":{"line":172,"column":78}},"98":{"start":{"line":173,"column":8},"end":{"line":173,"column":61}},"99":{"start":{"line":175,"column":8},"end":{"line":175,"column":27}},"100":{"start":{"line":177,"column":12},"end":{"line":186,"column":5}},"101":{"start":{"line":178,"column":8},"end":{"line":178,"column":33}},"102":{"start":{"line":178,"column":26},"end":{"line":178,"column":33}},"103":{"start":{"line":181,"column":8},"end":{"line":181,"column":70}},"104":{"start":{"line":182,"column":8},"end":{"line":182,"column":59}},"105":{"start":{"line":183,"column":8},"end":{"line":183,"column":66}},"106":{"start":{"line":185,"column":8},"end":{"line":185,"column":28}},"107":{"start":{"line":187,"column":18},"end":{"line":198,"column":5}},"108":{"start":{"line":188,"column":8},"end":{"line":197,"column":9}},"109":{"start":{"line":189,"column":12},"end":{"line":189,"column":39}},"110":{"start":{"line":190,"column":12},"end":{"line":190,"column":51}},"111":{"start":{"line":191,"column":12},"end":{"line":191,"column":25}},"112":{"start":{"line":192,"column":12},"end":{"line":193,"column":73}},"113":{"start":{"line":193,"column":16},"end":{"line":193,"column":73}},"114":{"start":{"line":194,"column":12},"end":{"line":194,"column":60}},"115":{"start":{"line":196,"column":12},"end":{"line":196,"column":29}},"116":{"start":{"line":199,"column":17},"end":{"line":202,"column":5}},"117":{"start":{"line":200,"column":8},"end":{"line":200,"column":108}},"118":{"start":{"line":200,"column":46},"end":{"line":200,"column":108}},"119":{"start":{"line":201,"column":8},"end":{"line":201,"column":15}},"120":{"start":{"line":203,"column":12},"end":{"line":208,"column":5}},"121":{"start":{"line":204,"column":8},"end":{"line":204,"column":26}},"122":{"start":{"line":205,"column":8},"end":{"line":205,"column":32}},"123":{"start":{"line":206,"column":8},"end":{"line":206,"column":30}},"124":{"start":{"line":207,"column":8},"end":{"line":207,"column":38}},"125":{"start":{"line":209,"column":14},"end":{"line":211,"column":5}},"126":{"start":{"line":210,"column":8},"end":{"line":210,"column":29}}},"fnMap":{"0":{"name":"(anonymous_0)","decl":{"start":{"line":18,"column":4},"end":{"line":18,"column":5}},"loc":{"start":{"line":18,"column":50},"end":{"line":31,"column":5}},"line":18},"1":{"name":"(anonymous_1)","decl":{"start":{"line":33,"column":14},"end":{"line":33,"column":15}},"loc":{"start":{"line":33,"column":40},"end":{"line":90,"column":5}},"line":33},"2":{"name":"(anonymous_2)","decl":{"start":{"line":53,"column":41},"end":{"line":53,"column":42}},"loc":{"start":{"line":53,"column":52},"end":{"line":53,"column":69}},"line":53},"3":{"name":"(anonymous_3)","decl":{"start":{"line":88,"column":32},"end":{"line":88,"column":33}},"loc":{"start":{"line":88,"column":40},"end":{"line":88,"column":59}},"line":88},"4":{"name":"(anonymous_4)","decl":{"start":{"line":91,"column":14},"end":{"line":91,"column":15}},"loc":{"start":{"line":91,"column":26},"end":{"line":104,"column":5}},"line":91},"5":{"name":"(anonymous_5)","decl":{"start":{"line":105,"column":21},"end":{"line":105,"column":22}},"loc":{"start":{"line":105,"column":27},"end":{"line":121,"column":5}},"line":105},"6":{"name":"(anonymous_6)","decl":{"start":{"line":114,"column":29},"end":{"line":114,"column":30}},"loc":{"start":{"line":114,"column":47},"end":{"line":120,"column":9}},"line":114},"7":{"name":"(anonymous_7)","decl":{"start":{"line":118,"column":29},"end":{"line":118,"column":30}},"loc":{"start":{"line":118,"column":35},"end":{"line":118,"column":58}},"line":118},"8":{"name":"(anonymous_8)","decl":{"start":{"line":122,"column":19},"end":{"line":122,"column":20}},"loc":{"start":{"line":122,"column":30},"end":{"line":124,"column":5}},"line":122},"9":{"name":"(anonymous_9)","decl":{"start":{"line":125,"column":15},"end":{"line":125,"column":16}},"loc":{"start":{"line":125,"column":25},"end":{"line":135,"column":5}},"line":125},"10":{"name":"(anonymous_10)","decl":{"start":{"line":136,"column":15},"end":{"line":136,"column":16}},"loc":{"start":{"line":136,"column":30},"end":{"line":160,"column":5}},"line":136},"11":{"name":"(anonymous_11)","decl":{"start":{"line":148,"column":16},"end":{"line":148,"column":17}},"loc":{"start":{"line":148,"column":24},"end":{"line":150,"column":9}},"line":148},"12":{"name":"(anonymous_12)","decl":{"start":{"line":150,"column":17},"end":{"line":150,"column":18}},"loc":{"start":{"line":150,"column":24},"end":{"line":152,"column":9}},"line":150},"13":{"name":"(anonymous_13)","decl":{"start":{"line":161,"column":12},"end":{"line":161,"column":13}},"loc":{"start":{"line":161,"column":23},"end":{"line":166,"column":5}},"line":161},"14":{"name":"(anonymous_14)","decl":{"start":{"line":167,"column":11},"end":{"line":167,"column":12}},"loc":{"start":{"line":167,"column":17},"end":{"line":176,"column":5}},"line":167},"15":{"name":"(anonymous_15)","decl":{"start":{"line":177,"column":12},"end":{"line":177,"column":13}},"loc":{"start":{"line":177,"column":18},"end":{"line":186,"column":5}},"line":177},"16":{"name":"(anonymous_16)","decl":{"start":{"line":187,"column":18},"end":{"line":187,"column":19}},"loc":{"start":{"line":187,"column":29},"end":{"line":198,"column":5}},"line":187},"17":{"name":"(anonymous_17)","decl":{"start":{"line":199,"column":17},"end":{"line":199,"column":18}},"loc":{"start":{"line":199,"column":23},"end":{"line":202,"column":5}},"line":199},"18":{"name":"(anonymous_18)","decl":{"start":{"line":203,"column":12},"end":{"line":203,"column":13}},"loc":{"start":{"line":203,"column":18},"end":{"line":208,"column":5}},"line":203},"19":{"name":"(anonymous_19)","decl":{"start":{"line":209,"column":14},"end":{"line":209,"column":15}},"loc":{"start":{"line":209,"column":20},"end":{"line":211,"column":5}},"line":209}},"branchMap":{"0":{"loc":{"start":{"line":19,"column":8},"end":{"line":19,"column":62}},"type":"if","locations":[{"start":{"line":19,"column":8},"end":{"line":19,"column":62}},{"start":{},"end":{}}],"line":19},"1":{"loc":{"start":{"line":20,"column":8},"end":{"line":20,"column":56}},"type":"if","locations":[{"start":{"line":20,"column":8},"end":{"line":20,"column":56}},{"start":{},"end":{}}],"line":20},"2":{"loc":{"start":{"line":21,"column":8},"end":{"line":21,"column":52}},"type":"if","locations":[{"start":{"line":21,"column":8},"end":{"line":21,"column":52}},{"start":{},"end":{}}],"line":21},"3":{"loc":{"start":{"line":34,"column":8},"end":{"line":36,"column":9}},"type":"if","locations":[{"start":{"line":34,"column":8},"end":{"line":36,"column":9}},{"start":{},"end":{}}],"line":34},"4":{"loc":{"start":{"line":37,"column":8},"end":{"line":39,"column":9}},"type":"if","locations":[{"start":{"line":37,"column":8},"end":{"line":39,"column":9}},{"start":{},"end":{}}],"line":37},"5":{"loc":{"start":{"line":40,"column":8},"end":{"line":43,"column":9}},"type":"if","locations":[{"start":{"line":40,"column":8},"end":{"line":43,"column":9}},{"start":{},"end":{}}],"line":40},"6":{"loc":{"start":{"line":92,"column":8},"end":{"line":101,"column":9}},"type":"if","locations":[{"start":{"line":92,"column":8},"end":{"line":101,"column":9}},{"start":{},"end":{}}],"line":92},"7":{"loc":{"start":{"line":107,"column":8},"end":{"line":113,"column":9}},"type":"if","locations":[{"start":{"line":107,"column":8},"end":{"line":113,"column":9}},{"start":{},"end":{}}],"line":107},"8":{"loc":{"start":{"line":126,"column":8},"end":{"line":129,"column":9}},"type":"if","locations":[{"start":{"line":126,"column":8},"end":{"line":129,"column":9}},{"start":{},"end":{}}],"line":126},"9":{"loc":{"start":{"line":126,"column":12},"end":{"line":126,"column":33}},"type":"binary-expr","locations":[{"start":{"line":126,"column":12},"end":{"line":126,"column":17}},{"start":{"line":126,"column":21},"end":{"line":126,"column":33}}],"line":126},"10":{"loc":{"start":{"line":137,"column":8},"end":{"line":140,"column":9}},"type":"if","locations":[{"start":{"line":137,"column":8},"end":{"line":140,"column":9}},{"start":{},"end":{}}],"line":137},"11":{"loc":{"start":{"line":154,"column":8},"end":{"line":157,"column":9}},"type":"if","locations":[{"start":{"line":154,"column":8},"end":{"line":157,"column":9}},{"start":{},"end":{}}],"line":154},"12":{"loc":{"start":{"line":154,"column":12},"end":{"line":154,"column":62}},"type":"binary-expr","locations":[{"start":{"line":154,"column":12},"end":{"line":154,"column":17}},{"start":{"line":154,"column":21},"end":{"line":154,"column":36}},{"start":{"line":154,"column":40},"end":{"line":154,"column":62}}],"line":154},"13":{"loc":{"start":{"line":162,"column":8},"end":{"line":162,"column":37}},"type":"if","locations":[{"start":{"line":162,"column":8},"end":{"line":162,"column":37}},{"start":{},"end":{}}],"line":162},"14":{"loc":{"start":{"line":164,"column":8},"end":{"line":165,"column":26}},"type":"if","locations":[{"start":{"line":164,"column":8},"end":{"line":165,"column":26}},{"start":{"line":165,"column":13},"end":{"line":165,"column":26}}],"line":164},"15":{"loc":{"start":{"line":168,"column":8},"end":{"line":168,"column":32}},"type":"if","locations":[{"start":{"line":168,"column":8},"end":{"line":168,"column":32}},{"start":{},"end":{}}],"line":168},"16":{"loc":{"start":{"line":178,"column":8},"end":{"line":178,"column":33}},"type":"if","locations":[{"start":{"line":178,"column":8},"end":{"line":178,"column":33}},{"start":{},"end":{}}],"line":178},"17":{"loc":{"start":{"line":188,"column":8},"end":{"line":197,"column":9}},"type":"if","locations":[{"start":{"line":188,"column":8},"end":{"line":197,"column":9}},{"start":{"line":195,"column":15},"end":{"line":197,"column":9}}],"line":188},"18":{"loc":{"start":{"line":192,"column":12},"end":{"line":193,"column":73}},"type":"if","locations":[{"start":{"line":192,"column":12},"end":{"line":193,"column":73}},{"start":{},"end":{}}],"line":192},"19":{"loc":{"start":{"line":200,"column":8},"end":{"line":200,"column":108}},"type":"if","locations":[{"start":{"line":200,"column":8},"end":{"line":200,"column":108}},{"start":{},"end":{}}],"line":200}},"s":{"0":9,"1":0,"2":9,"3":0,"4":9,"5":0,"6":9,"7":9,"8":9,"9":9,"10":9,"11":9,"12":9,"13":9,"14":9,"15":0,"16":9,"17":0,"18":0,"19":9,"20":9,"21":9,"22":9,"23":9,"24":0,"25":9,"26":9,"27":9,"28":9,"29":9,"30":9,"31":9,"32":9,"33":9,"34":9,"35":9,"36":9,"37":9,"38":9,"39":9,"40":9,"41":9,"42":9,"43":9,"44":18,"45":9,"46":9,"47":9,"48":9,"49":9,"50":9,"51":9,"52":9,"53":9,"54":10,"55":10,"56":1,"57":1,"58":7,"59":1,"60":9,"61":63,"62":63,"63":63,"64":63,"65":0,"66":63,"67":9,"68":12,"69":9,"70":9,"71":0,"72":0,"73":9,"74":9,"75":9,"76":9,"77":9,"78":0,"79":0,"80":9,"81":9,"82":0,"83":9,"84":0,"85":0,"86":9,"87":9,"88":0,"89":0,"90":0,"91":0,"92":0,"93":9,"94":1,"95":0,"96":1,"97":1,"98":1,"99":1,"100":9,"101":3,"102":3,"103":0,"104":0,"105":0,"106":0,"107":9,"108":6,"109":2,"110":2,"111":2,"112":2,"113":2,"114":2,"115":4,"116":9,"117":2,"118":1,"119":1,"120":9,"121":1,"122":1,"123":1,"124":1,"125":9,"126":1},"f":{"0":9,"1":9,"2":0,"3":9,"4":18,"5":10,"6":63,"7":0,"8":12,"9":9,"10":9,"11":9,"12":0,"13":0,"14":1,"15":3,"16":6,"17":2,"18":1,"19":1},"b":{"0":[0,9],"1":[0,9],"2":[0,9],"3":[9,0],"4":[0,9],"5":[0,9],"6":[9,9],"7":[1,9],"8":[0,9],"9":[9,9],"10":[0,9],"11":[0,9],"12":[9,9,9],"13":[0,0],"14":[0,0],"15":[0,1],"16":[3,0],"17":[2,4],"18":[2,0],"19":[1,1]},"_coverageSchema":"1a1c01bbd47fc00a2c39e90264f33305004495a9","hash":"37e4fd06f4be96929fc5979ca4161437ffef5291"}
}
