TN:
SF:src/select.js
FN:18,(anonymous_0)
FN:33,(anonymous_1)
FN:53,(anonymous_2)
FN:88,(anonymous_3)
FN:91,(anonymous_4)
FN:105,(anonymous_5)
FN:114,(anonymous_6)
FN:118,(anonymous_7)
FN:122,(anonymous_8)
FN:125,(anonymous_9)
FN:136,(anonymous_10)
FN:148,(anonymous_11)
FN:150,(anonymous_12)
FN:161,(anonymous_13)
FN:167,(anonymous_14)
FN:177,(anonymous_15)
FN:187,(anonymous_16)
FN:199,(anonymous_17)
FN:203,(anonymous_18)
FN:209,(anonymous_19)
FNF:20
FNH:16
FNDA:9,(anonymous_0)
FNDA:9,(anonymous_1)
FNDA:0,(anonymous_2)
FNDA:9,(anonymous_3)
FNDA:18,(anonymous_4)
FNDA:10,(anonymous_5)
FNDA:63,(anonymous_6)
FNDA:0,(anonymous_7)
FNDA:12,(anonymous_8)
FNDA:9,(anonymous_9)
FNDA:9,(anonymous_10)
FNDA:9,(anonymous_11)
FNDA:0,(anonymous_12)
FNDA:0,(anonymous_13)
FNDA:1,(anonymous_14)
FNDA:3,(anonymous_15)
FNDA:6,(anonymous_16)
FNDA:2,(anonymous_17)
FNDA:1,(anonymous_18)
FNDA:1,(anonymous_19)
DA:19,9
DA:20,9
DA:21,9
DA:23,9
DA:25,9
DA:26,9
DA:27,9
DA:29,9
DA:33,9
DA:34,9
DA:35,9
DA:37,9
DA:38,0
DA:40,9
DA:41,0
DA:42,0
DA:47,9
DA:48,9
DA:51,9
DA:52,9
DA:53,9
DA:56,9
DA:57,9
DA:59,9
DA:62,9
DA:63,9
DA:65,9
DA:66,9
DA:69,9
DA:70,9
DA:73,9
DA:76,9
DA:77,9
DA:80,9
DA:81,9
DA:84,9
DA:87,9
DA:88,9
DA:91,9
DA:92,18
DA:93,9
DA:94,9
DA:95,9
DA:96,9
DA:97,9
DA:98,9
DA:100,9
DA:103,9
DA:105,9
DA:106,10
DA:107,10
DA:108,1
DA:109,1
DA:110,7
DA:112,1
DA:114,9
DA:115,63
DA:116,63
DA:117,63
DA:118,63
DA:119,63
DA:122,9
DA:123,12
DA:125,9
DA:126,9
DA:127,0
DA:128,0
DA:131,9
DA:132,9
DA:134,9
DA:136,9
DA:137,9
DA:138,0
DA:139,0
DA:141,9
DA:149,9
DA:151,0
DA:154,9
DA:155,0
DA:156,0
DA:159,9
DA:161,9
DA:162,0
DA:164,0
DA:165,0
DA:167,9
DA:168,1
DA:171,1
DA:172,1
DA:173,1
DA:175,1
DA:177,9
DA:178,3
DA:181,0
DA:182,0
DA:183,0
DA:185,0
DA:187,9
DA:188,6
DA:189,2
DA:190,2
DA:191,2
DA:192,2
DA:193,2
DA:194,2
DA:196,4
DA:199,9
DA:200,2
DA:201,1
DA:203,9
DA:204,1
DA:205,1
DA:206,1
DA:207,1
DA:209,9
DA:210,1
LF:116
LH:99
BRDA:19,0,0,0
BRDA:19,0,1,9
BRDA:20,1,0,0
BRDA:20,1,1,9
BRDA:21,2,0,0
BRDA:21,2,1,9
BRDA:34,3,0,9
BRDA:34,3,1,0
BRDA:37,4,0,0
BRDA:37,4,1,9
BRDA:40,5,0,0
BRDA:40,5,1,9
BRDA:92,6,0,9
BRDA:92,6,1,9
BRDA:107,7,0,1
BRDA:107,7,1,9
BRDA:126,8,0,0
BRDA:126,8,1,9
BRDA:126,9,0,9
BRDA:126,9,1,9
BRDA:137,10,0,0
BRDA:137,10,1,9
BRDA:154,11,0,0
BRDA:154,11,1,9
BRDA:154,12,0,9
BRDA:154,12,1,9
BRDA:154,12,2,9
BRDA:162,13,0,0
BRDA:162,13,1,0
BRDA:164,14,0,0
BRDA:164,14,1,0
BRDA:168,15,0,0
BRDA:168,15,1,1
BRDA:178,16,0,3
BRDA:178,16,1,0
BRDA:188,17,0,2
BRDA:188,17,1,4
BRDA:192,18,0,2
BRDA:192,18,1,0
BRDA:200,19,0,1
BRDA:200,19,1,1
BRF:41
BRH:25
end_of_record
